[debug] [2022-06-08T10:10:19.386Z] ----------------------------------------------------------------------
[debug] [2022-06-08T10:10:19.387Z] Command:       /usr/local/bin/node /usr/local/bin/firebase init
[debug] [2022-06-08T10:10:19.387Z] CLI Version:   11.0.1
[debug] [2022-06-08T10:10:19.387Z] Platform:      darwin
[debug] [2022-06-08T10:10:19.387Z] Node Version:  v16.15.0
[debug] [2022-06-08T10:10:19.388Z] Time:          Wed Jun 08 2022 12:10:19 GMT+0200 (hora de verano de Europa central)
[debug] [2022-06-08T10:10:19.388Z] ----------------------------------------------------------------------
[debug] 
[debug] [2022-06-08T10:10:19.414Z] > command requires scopes: ["email","openid","https://www.googleapis.com/auth/cloudplatformprojects.readonly","https://www.googleapis.com/auth/firebase","https://www.googleapis.com/auth/cloud-platform"]
[debug] [2022-06-08T10:10:19.414Z] > authorizing via signed-in user (alvaromenaparra@gmail.com)
[info] 
     ######## #### ########  ######## ########     ###     ######  ########
     ##        ##  ##     ## ##       ##     ##  ##   ##  ##       ##
     ######    ##  ########  ######   ########  #########  ######  ######
     ##        ##  ##    ##  ##       ##     ## ##     ##       ## ##
     ##       #### ##     ## ######## ########  ##     ##  ######  ########

You're about to initialize a Firebase project in this directory:

  /Users/alvaromenaparra/Workspace/agrorent-angular

Before we get started, keep in mind:

  * You are initializing within an existing Firebase project directory

[info] 
=== Project Setup
[info] 
[info] First, let's associate this project directory with a Firebase project.
[info] You can create multiple project aliases by running firebase use --add, 
[info] but for now we'll just set up a default project.
[info] 
[debug] [2022-06-08T10:10:23.406Z] Using project from CLI flag: login-agrorent
[debug] [2022-06-08T10:10:23.408Z] >>> [apiv2][query] GET https://firebase.googleapis.com/v1beta1/projects/login-agrorent [none]
[debug] [2022-06-08T10:10:23.849Z] <<< [apiv2][status] GET https://firebase.googleapis.com/v1beta1/projects/login-agrorent 200
[debug] [2022-06-08T10:10:23.849Z] <<< [apiv2][body] GET https://firebase.googleapis.com/v1beta1/projects/login-agrorent {"projectId":"login-agrorent","projectNumber":"278598815694","displayName":"login-AgroRent","name":"projects/login-agrorent","resources":{"hostingSite":"login-agrorent","realtimeDatabaseInstance":"login-agrorent-default-rtdb","storageBucket":"login-agrorent.appspot.com","locationId":"europe-west"},"state":"ACTIVE"}
[info] i  Using project login-agrorent (login-AgroRent) 
[info] 
=== Hosting:github Setup
[info] 
[info] i  Detected a .git folder at /Users/alvaromenaparra/Workspace/agrorent-angular 
[info] i  Authorizing with GitHub to upload your service account to a GitHub repository's secrets store. 
[info] 
[info] Visit this URL on this device to log in:
[info] https://github.com/login/oauth/authorize?client_id=89cf50f02ac6aaed3484&state=170608515&redirect_uri=http%3A%2F%2Flocalhost%3A9005&scope=read%3Auser%20repo%20public_repo
[info] 
[info] Waiting for authentication...
[debug] [2022-06-08T10:14:32.096Z] >>> HTTP REQUEST POST https://github.com/login/oauth/access_token  
 {"client_id":"89cf50f02ac6aaed3484","client_secret":"3330d14abc895d9a74d5f17cd7a00711fa2c5bf0","code":"81bd59aad2d2e42f69d1","redirect_uri":"http://localhost:9005","state":"170608515"}
[debug] [2022-06-08T10:14:32.506Z] <<< HTTP RESPONSE 200 {"server":"GitHub.com","date":"Wed, 08 Jun 2022 10:14:32 GMT","content-type":"application/json; charset=utf-8","transfer-encoding":"chunked","vary":"X-PJAX, X-PJAX-Container, Turbo-Visit, Turbo-Frame, Accept-Encoding, Accept, X-Requested-With","permissions-policy":"interest-cohort=()","etag":"W/\"7acaba2b611fa1ba77127430ae9dd2dc\"","cache-control":"max-age=0, private, must-revalidate","strict-transport-security":"max-age=31536000; includeSubdomains; preload","x-frame-options":"deny","x-content-type-options":"nosniff","x-xss-protection":"0","referrer-policy":"origin-when-cross-origin, strict-origin-when-cross-origin","expect-ct":"max-age=2592000, report-uri=\"https://api.github.com/_private/browser/errors\"","content-security-policy":"default-src 'none'; base-uri 'self'; block-all-mixed-content; child-src github.com/assets-cdn/worker/ gist.github.com/assets-cdn/worker/; connect-src 'self' uploads.github.com objects-origin.githubusercontent.com www.githubstatus.com collector.github.com raw.githubusercontent.com api.github.com github-cloud.s3.amazonaws.com github-production-repository-file-5c1aeb.s3.amazonaws.com github-production-upload-manifest-file-7fdce7.s3.amazonaws.com github-production-user-asset-6210df.s3.amazonaws.com cdn.optimizely.com logx.optimizely.com/v1/events *.actions.githubusercontent.com wss://*.actions.githubusercontent.com online.visualstudio.com/api/v1/locations github-production-repository-image-32fea6.s3.amazonaws.com github-production-release-asset-2e65be.s3.amazonaws.com insights.github.com wss://alive.github.com; font-src github.githubassets.com; form-action 'self' github.com gist.github.com objects-origin.githubusercontent.com; frame-ancestors 'none'; frame-src render.githubusercontent.com viewscreen.githubusercontent.com notebooks.githubusercontent.com; img-src 'self' data: github.githubassets.com identicons.github.com github-cloud.s3.amazonaws.com secured-user-images.githubusercontent.com/ github-production-user-asset-6210df.s3.amazonaws.com *.githubusercontent.com; manifest-src 'self'; media-src github.com user-images.githubusercontent.com/; script-src github.githubassets.com; style-src 'unsafe-inline' github.githubassets.com; worker-src github.com/assets-cdn/worker/ gist.github.com/assets-cdn/worker/","x-github-request-id":"C5AA:D6E1:285379:45E5E7:62A07688"}
[debug] [2022-06-08T10:14:32.515Z] >>> [apiv2][query] GET https://api.github.com/user [none]
[debug] [2022-06-08T10:14:32.958Z] <<< [apiv2][status] GET https://api.github.com/user 200
[debug] [2022-06-08T10:14:32.959Z] <<< [apiv2][body] GET https://api.github.com/user {"login":"alvarompywf","id":85018038,"node_id":"MDQ6VXNlcjg1MDE4MDM4","avatar_url":"https://avatars.githubusercontent.com/u/85018038?v=4","gravatar_id":"","url":"https://api.github.com/users/alvarompywf","html_url":"https://github.com/alvarompywf","followers_url":"https://api.github.com/users/alvarompywf/followers","following_url":"https://api.github.com/users/alvarompywf/following{/other_user}","gists_url":"https://api.github.com/users/alvarompywf/gists{/gist_id}","starred_url":"https://api.github.com/users/alvarompywf/starred{/owner}{/repo}","subscriptions_url":"https://api.github.com/users/alvarompywf/subscriptions","organizations_url":"https://api.github.com/users/alvarompywf/orgs","repos_url":"https://api.github.com/users/alvarompywf/repos","events_url":"https://api.github.com/users/alvarompywf/events{/privacy}","received_events_url":"https://api.github.com/users/alvarompywf/received_events","type":"User","site_admin":false,"name":"Álvaro Mena Parra","company":null,"blog":"","location":"Almería,Spain","email":null,"hireable":null,"bio":"Frontend Developer.       \r\n            \r\n✉️ alvaromepa@gmail.com \r\n","twitter_username":"alvaritoDev","public_repos":7,"public_gists":0,"followers":6,"following":18,"created_at":"2021-05-29T10:49:18Z","updated_at":"2022-05-06T11:19:38Z","private_gists":0,"total_private_repos":4,"owned_private_repos":4,"disk_usage":83319,"collaborators":0,"two_factor_authentication":false,"plan":{"name":"free","space":976562499,"collaborators":0,"private_repos":10000}}
[info] 
[info] ✔  Success! Logged into GitHub as alvarompywf 
[info] 
